This file contains any messages produced by compilers while
running configure, to aid debugging if configure makes a mistake.

It was created by FULL-PACKAGE-NAME configure VERSION, which was
generated by GNU Autoconf 2.61.  Invocation command line was

  $ ./configure 

## --------- ##
## Platform. ##
## --------- ##

hostname = korobushka.local
uname -m = i386
uname -r = 9.5.0
uname -s = Darwin
uname -v = Darwin Kernel Version 9.5.0: Wed Sep  3 11:29:43 PDT 2008; root:xnu-1228.7.58~1/RELEASE_I386

/usr/bin/uname -p = i386
/bin/uname -X     = unknown

/bin/arch              = unknown
/usr/bin/arch -k       = unknown
/usr/convex/getsysinfo = unknown
/usr/bin/hostinfo      = Mach kernel version:
	 Darwin Kernel Version 9.5.0: Wed Sep  3 11:29:43 PDT 2008; root:xnu-1228.7.58~1/RELEASE_I386
Kernel configured for up to 2 processors.
2 processors are physically available.
2 processors are logically available.
Processor type: i486 (Intel 80486)
Processors active: 0 1
Primary memory available: 2.00 gigabytes
Default processor set: 72 tasks, 302 threads, 2 processors
Load average: 2.64, Mach factor: 0.40
/bin/machine           = unknown
/usr/bin/oslevel       = unknown
/bin/universe          = unknown

PATH: /usr/bin
PATH: /bin
PATH: /usr/sbin
PATH: /sbin
PATH: /usr/texbin
PATH: /usr/local/bin
PATH: /usr/X11R6/bin
PATH: /sw/bin
PATH: /home/federico/programacion/jruby/bin
PATH: /usr/texbin
PATH: /Users/federico/programacion/rbx/shotgun
PATH: /usr/local/bin
PATH: /usr/local/ant/bin
PATH: /Users/federico/programacion/buildrb/1.8.7/bin
PATH: /Users/federico/programacion/buildrb/1.9/bin
PATH: /sw/bin
PATH: /usr/local/libexec/git-core/


## ----------- ##
## Core tests. ##
## ----------- ##

configure:1756: checking for g++
configure:1772: found /usr/bin/g++
configure:1783: result: g++
configure:1814: checking for C++ compiler version
configure:1821: g++ --version >&5
i686-apple-darwin9-g++-4.0.1 (GCC) 4.0.1 (Apple Inc. build 5465)
Copyright (C) 2005 Free Software Foundation, Inc.
This is free software; see the source for copying conditions.  There is NO
warranty; not even for MERCHANTABILITY or FITNESS FOR A PARTICULAR PURPOSE.

configure:1824: $? = 0
configure:1831: g++ -v >&5
Using built-in specs.
Target: i686-apple-darwin9
Configured with: /var/tmp/gcc/gcc-5465~16/src/configure --disable-checking -enable-werror --prefix=/usr --mandir=/share/man --enable-languages=c,objc,c++,obj-c++ --program-transform-name=/^[cg][^.-]*$/s/$/-4.0/ --with-gxx-include-dir=/include/c++/4.0.0 --with-slibdir=/usr/lib --build=i686-apple-darwin9 --with-arch=apple --with-tune=generic --host=i686-apple-darwin9 --target=i686-apple-darwin9
Thread model: posix
gcc version 4.0.1 (Apple Inc. build 5465)
configure:1834: $? = 0
configure:1841: g++ -V >&5
g++-4.0: argument to `-V' is missing
configure:1844: $? = 1
configure:1867: checking for C++ compiler default output file name
configure:1894: g++    conftest.cpp  >&5
configure:1897: $? = 0
configure:1935: result: a.out
configure:1952: checking whether the C++ compiler works
configure:1962: ./a.out
configure:1965: $? = 0
configure:1982: result: yes
configure:1989: checking whether we are cross compiling
configure:1991: result: no
configure:1994: checking for suffix of executables
configure:2001: g++ -o conftest    conftest.cpp  >&5
configure:2004: $? = 0
configure:2028: result: 
configure:2034: checking for suffix of object files
configure:2060: g++ -c   conftest.cpp >&5
configure:2063: $? = 0
configure:2086: result: o
configure:2090: checking whether we are using the GNU C++ compiler
configure:2119: g++ -c   conftest.cpp >&5
configure:2125: $? = 0
configure:2142: result: yes
configure:2147: checking whether g++ accepts -g
configure:2177: g++ -c -g  conftest.cpp >&5
configure:2183: $? = 0
configure:2282: result: yes
configure:2353: checking for gcc
configure:2369: found /usr/bin/gcc
configure:2380: result: gcc
configure:2618: checking for C compiler version
configure:2625: gcc --version >&5
i686-apple-darwin9-gcc-4.0.1 (GCC) 4.0.1 (Apple Inc. build 5465)
Copyright (C) 2005 Free Software Foundation, Inc.
This is free software; see the source for copying conditions.  There is NO
warranty; not even for MERCHANTABILITY or FITNESS FOR A PARTICULAR PURPOSE.

configure:2628: $? = 0
configure:2635: gcc -v >&5
Using built-in specs.
Target: i686-apple-darwin9
Configured with: /var/tmp/gcc/gcc-5465~16/src/configure --disable-checking -enable-werror --prefix=/usr --mandir=/share/man --enable-languages=c,objc,c++,obj-c++ --program-transform-name=/^[cg][^.-]*$/s/$/-4.0/ --with-gxx-include-dir=/include/c++/4.0.0 --with-slibdir=/usr/lib --build=i686-apple-darwin9 --with-arch=apple --with-tune=generic --host=i686-apple-darwin9 --target=i686-apple-darwin9
Thread model: posix
gcc version 4.0.1 (Apple Inc. build 5465)
configure:2638: $? = 0
configure:2645: gcc -V >&5
gcc-4.0: argument to `-V' is missing
configure:2648: $? = 1
configure:2651: checking whether we are using the GNU C compiler
configure:2680: gcc -c   conftest.c >&5
configure:2686: $? = 0
configure:2703: result: yes
configure:2708: checking whether gcc accepts -g
configure:2738: gcc -c -g  conftest.c >&5
configure:2744: $? = 0
configure:2843: result: yes
configure:2860: checking for gcc option to accept ISO C89
configure:2934: gcc  -c -g -O2  conftest.c >&5
configure:2940: $? = 0
configure:2963: result: none needed
configure:2991: checking how to run the C preprocessor
configure:3031: gcc -E  conftest.c
configure:3037: $? = 0
configure:3068: gcc -E  conftest.c
conftest.c:8:28: error: ac_nonexistent.h: No such file or directory
configure:3074: $? = 1
configure: failed program was:
| /* confdefs.h.  */
| #define PACKAGE_NAME "FULL-PACKAGE-NAME"
| #define PACKAGE_TARNAME "full-package-name"
| #define PACKAGE_VERSION "VERSION"
| #define PACKAGE_STRING "FULL-PACKAGE-NAME VERSION"
| #define PACKAGE_BUGREPORT "BUG-REPORT-ADDRESS"
| /* end confdefs.h.  */
| #include <ac_nonexistent.h>
configure:3107: result: gcc -E
configure:3136: gcc -E  conftest.c
configure:3142: $? = 0
configure:3173: gcc -E  conftest.c
conftest.c:8:28: error: ac_nonexistent.h: No such file or directory
configure:3179: $? = 1
configure: failed program was:
| /* confdefs.h.  */
| #define PACKAGE_NAME "FULL-PACKAGE-NAME"
| #define PACKAGE_TARNAME "full-package-name"
| #define PACKAGE_VERSION "VERSION"
| #define PACKAGE_STRING "FULL-PACKAGE-NAME VERSION"
| #define PACKAGE_BUGREPORT "BUG-REPORT-ADDRESS"
| /* end confdefs.h.  */
| #include <ac_nonexistent.h>
configure:3217: checking for grep that handles long lines and -e
configure:3291: result: /usr/bin/grep
configure:3296: checking for egrep
configure:3374: result: /usr/bin/grep -E
configure:3379: checking for ANSI C header files
configure:3409: gcc -c -g -O2  conftest.c >&5
configure:3415: $? = 0
configure:3514: gcc -o conftest -g -O2   conftest.c  >&5
configure:3517: $? = 0
configure:3523: ./conftest
configure:3526: $? = 0
configure:3543: result: yes
configure:3567: checking for sys/types.h
configure:3588: gcc -c -g -O2  conftest.c >&5
configure:3594: $? = 0
configure:3610: result: yes
configure:3567: checking for sys/stat.h
configure:3588: gcc -c -g -O2  conftest.c >&5
configure:3594: $? = 0
configure:3610: result: yes
configure:3567: checking for stdlib.h
configure:3588: gcc -c -g -O2  conftest.c >&5
configure:3594: $? = 0
configure:3610: result: yes
configure:3567: checking for string.h
configure:3588: gcc -c -g -O2  conftest.c >&5
configure:3594: $? = 0
configure:3610: result: yes
configure:3567: checking for memory.h
configure:3588: gcc -c -g -O2  conftest.c >&5
configure:3594: $? = 0
configure:3610: result: yes
configure:3567: checking for strings.h
configure:3588: gcc -c -g -O2  conftest.c >&5
configure:3594: $? = 0
configure:3610: result: yes
configure:3567: checking for inttypes.h
configure:3588: gcc -c -g -O2  conftest.c >&5
configure:3594: $? = 0
configure:3610: result: yes
configure:3567: checking for stdint.h
configure:3588: gcc -c -g -O2  conftest.c >&5
configure:3594: $? = 0
configure:3610: result: yes
configure:3567: checking for unistd.h
configure:3588: gcc -c -g -O2  conftest.c >&5
configure:3594: $? = 0
configure:3610: result: yes
configure:3627: checking for string.h
configure:3633: result: yes
configure:3769: checking for stdbool.h that conforms to C99
configure:3862: gcc -c -g -O2  conftest.c >&5
configure:3868: $? = 0
configure:3883: result: yes
configure:3885: checking for _Bool
configure:3915: gcc -c -g -O2  conftest.c >&5
configure:3921: $? = 0
configure:3936: result: yes
configure:3955: checking for an ANSI C-conforming const
configure:4030: gcc -c -g -O2  conftest.c >&5
configure:4036: $? = 0
configure:4051: result: yes
configure:4061: checking for size_t
configure:4091: gcc -c -g -O2  conftest.c >&5
configure:4097: $? = 0
configure:4112: result: yes
configure:4126: checking for working memcmp
configure:4179: gcc -o conftest -g -O2   conftest.c  >&5
configure:4182: $? = 0
configure:4188: ./conftest
configure:4191: $? = 0
configure:4207: result: yes
configure:4220: checking for memset
configure:4276: gcc -o conftest -g -O2   conftest.c  >&5
conftest.c:44: warning: conflicting types for built-in function 'memset'
configure:4282: $? = 0
configure:4300: result: yes
configure:4413: creating ./config.status

## ---------------------- ##
## Running config.status. ##
## ---------------------- ##

This file was extended by FULL-PACKAGE-NAME config.status VERSION, which was
generated by GNU Autoconf 2.61.  Invocation command line was

  CONFIG_FILES    = 
  CONFIG_HEADERS  = 
  CONFIG_LINKS    = 
  CONFIG_COMMANDS = 
  $ ./config.status 

on korobushka.local

config.status:594: creating Makefile
config.status:594: creating config.h
config.status:811: config.h is unchanged

## ---------------- ##
## Cache variables. ##
## ---------------- ##

ac_cv_c_compiler_gnu=yes
ac_cv_c_const=yes
ac_cv_cxx_compiler_gnu=yes
ac_cv_env_CCC_set=
ac_cv_env_CCC_value=
ac_cv_env_CC_set=
ac_cv_env_CC_value=
ac_cv_env_CFLAGS_set=
ac_cv_env_CFLAGS_value=
ac_cv_env_CPPFLAGS_set=
ac_cv_env_CPPFLAGS_value=
ac_cv_env_CPP_set=
ac_cv_env_CPP_value=
ac_cv_env_CXXFLAGS_set=
ac_cv_env_CXXFLAGS_value=
ac_cv_env_CXX_set=
ac_cv_env_CXX_value=
ac_cv_env_LDFLAGS_set=
ac_cv_env_LDFLAGS_value=
ac_cv_env_LIBS_set=
ac_cv_env_LIBS_value=
ac_cv_env_build_alias_set=
ac_cv_env_build_alias_value=
ac_cv_env_host_alias_set=
ac_cv_env_host_alias_value=
ac_cv_env_target_alias_set=
ac_cv_env_target_alias_value=
ac_cv_func_memcmp_working=yes
ac_cv_func_memset=yes
ac_cv_header_inttypes_h=yes
ac_cv_header_memory_h=yes
ac_cv_header_stdbool_h=yes
ac_cv_header_stdc=yes
ac_cv_header_stdint_h=yes
ac_cv_header_stdlib_h=yes
ac_cv_header_string_h=yes
ac_cv_header_strings_h=yes
ac_cv_header_sys_stat_h=yes
ac_cv_header_sys_types_h=yes
ac_cv_header_unistd_h=yes
ac_cv_objext=o
ac_cv_path_EGREP='/usr/bin/grep -E'
ac_cv_path_GREP=/usr/bin/grep
ac_cv_prog_CPP='gcc -E'
ac_cv_prog_ac_ct_CC=gcc
ac_cv_prog_ac_ct_CXX=g++
ac_cv_prog_cc_c89=
ac_cv_prog_cc_g=yes
ac_cv_prog_cxx_g=yes
ac_cv_type__Bool=yes
ac_cv_type_size_t=yes

## ----------------- ##
## Output variables. ##
## ----------------- ##

CC='gcc'
CFLAGS='-g -O2'
CPP='gcc -E'
CPPFLAGS=''
CXX='g++'
CXXFLAGS='-g -O2'
DEFS='-DHAVE_CONFIG_H'
ECHO_C=''
ECHO_N='-n'
ECHO_T=''
EGREP='/usr/bin/grep -E'
EXEEXT=''
GREP='/usr/bin/grep'
LDFLAGS=''
LIBOBJS=''
LIBS=''
LTLIBOBJS=''
OBJEXT='o'
PACKAGE_BUGREPORT='BUG-REPORT-ADDRESS'
PACKAGE_NAME='FULL-PACKAGE-NAME'
PACKAGE_STRING='FULL-PACKAGE-NAME VERSION'
PACKAGE_TARNAME='full-package-name'
PACKAGE_VERSION='VERSION'
PATH_SEPARATOR=':'
SHELL='/bin/sh'
ac_ct_CC='gcc'
ac_ct_CXX='g++'
bindir='${exec_prefix}/bin'
build_alias=''
datadir='${datarootdir}'
datarootdir='${prefix}/share'
docdir='${datarootdir}/doc/${PACKAGE_TARNAME}'
dvidir='${docdir}'
exec_prefix='${prefix}'
host_alias=''
htmldir='${docdir}'
includedir='${prefix}/include'
infodir='${datarootdir}/info'
libdir='${exec_prefix}/lib'
libexecdir='${exec_prefix}/libexec'
localedir='${datarootdir}/locale'
localstatedir='${prefix}/var'
mandir='${datarootdir}/man'
oldincludedir='/usr/include'
pdfdir='${docdir}'
prefix='/usr/local'
program_transform_name='s,x,x,'
psdir='${docdir}'
sbindir='${exec_prefix}/sbin'
sharedstatedir='${prefix}/com'
sysconfdir='${prefix}/etc'
target_alias=''

## ----------- ##
## confdefs.h. ##
## ----------- ##

#define PACKAGE_NAME "FULL-PACKAGE-NAME"
#define PACKAGE_TARNAME "full-package-name"
#define PACKAGE_VERSION "VERSION"
#define PACKAGE_STRING "FULL-PACKAGE-NAME VERSION"
#define PACKAGE_BUGREPORT "BUG-REPORT-ADDRESS"
#define STDC_HEADERS 1
#define HAVE_SYS_TYPES_H 1
#define HAVE_SYS_STAT_H 1
#define HAVE_STDLIB_H 1
#define HAVE_STRING_H 1
#define HAVE_MEMORY_H 1
#define HAVE_STRINGS_H 1
#define HAVE_INTTYPES_H 1
#define HAVE_STDINT_H 1
#define HAVE_UNISTD_H 1
#define HAVE_STRING_H 1
#define HAVE__BOOL 1
#define HAVE_STDBOOL_H 1
#define HAVE_MEMSET 1

configure: exit 0
